-------------------------------------------------------------------------------
Test set: com.prova.avalicacao.AuthIntegrationTests
-------------------------------------------------------------------------------
Tests run: 6, Failures: 2, Errors: 0, Skipped: 0, Time elapsed: 7.225 s <<< FAILURE! -- in com.prova.avalicacao.AuthIntegrationTests
com.prova.avalicacao.AuthIntegrationTests.testProtectedAdminEndpointAccessWithAdminToken -- Time elapsed: 0.173 s <<< FAILURE!
java.lang.AssertionError: Status expected:<200> but was:<403>
	at org.springframework.test.util.AssertionErrors.fail(AssertionErrors.java:61)
	at org.springframework.test.util.AssertionErrors.assertEquals(AssertionErrors.java:128)
	at org.springframework.test.web.servlet.result.StatusResultMatchers.lambda$matcher$9(StatusResultMatchers.java:640)
	at org.springframework.test.web.servlet.MockMvc$1.andExpect(MockMvc.java:214)
	at com.prova.avalicacao.AuthIntegrationTests.testProtectedAdminEndpointAccessWithAdminToken(AvalicacaoApplicationTests.java:113)
	at java.base/java.lang.reflect.Method.invoke(Method.java:580)
	at java.base/java.util.ArrayList.forEach(ArrayList.java:1596)
	at java.base/java.util.ArrayList.forEach(ArrayList.java:1596)

com.prova.avalicacao.AuthIntegrationTests.testProtectedEndpointAccessWithValidToken -- Time elapsed: 0.129 s <<< FAILURE!
java.lang.AssertionError: Status expected:<200> but was:<403>
	at org.springframework.test.util.AssertionErrors.fail(AssertionErrors.java:61)
	at org.springframework.test.util.AssertionErrors.assertEquals(AssertionErrors.java:128)
	at org.springframework.test.web.servlet.result.StatusResultMatchers.lambda$matcher$9(StatusResultMatchers.java:640)
	at org.springframework.test.web.servlet.MockMvc$1.andExpect(MockMvc.java:214)
	at com.prova.avalicacao.AuthIntegrationTests.testProtectedEndpointAccessWithValidToken(AvalicacaoApplicationTests.java:98)
	at java.base/java.lang.reflect.Method.invoke(Method.java:580)
	at java.base/java.util.ArrayList.forEach(ArrayList.java:1596)
	at java.base/java.util.ArrayList.forEach(ArrayList.java:1596)

